20200731 15:02:44 831 [main-boss-system][INFO]-Starting Application on wujianhuideMacBook-Pro.local with PID 33240 (/Users/wujianhui/work/project/panda/panda-boss-system/target/classes started by wujianhui in /Users/wujianhui/work/project/panda/panda-boss-system)
20200731 15:02:44 832 [main-boss-system][INFO]-The following profiles are active: debug
20200731 15:02:45 347 [main-boss-system][WARN]-No MyBatis mapper was found in '[com.panda.boss]' package. Please check your configuration.
20200731 15:02:45 379 [main-boss-system][INFO]-Multiple Spring Data modules found, entering strict repository configuration mode!
20200731 15:02:45 380 [main-boss-system][INFO]-Bootstrapping Spring Data Redis repositories in DEFAULT mode.
20200731 15:02:45 395 [main-boss-system][INFO]-Finished Spring Data repository scanning in 6ms. Found 0 Redis repository interfaces.
20200731 15:02:45 928 [main-boss-system][INFO]-Tomcat initialized with port(s): 12301 (http)
20200731 15:02:45 933 [main-boss-system][INFO]-Initializing ProtocolHandler ["http-nio-12301"]
20200731 15:02:45 934 [main-boss-system][INFO]-Starting service [Tomcat]
20200731 15:02:45 934 [main-boss-system][INFO]-Starting Servlet engine: [Apache Tomcat/9.0.36]
20200731 15:02:45 991 [main-boss-system][INFO]-Initializing Spring embedded WebApplicationContext
20200731 15:02:45 991 [main-boss-system][INFO]-Root WebApplicationContext: initialization completed in 1122 ms
20200731 15:02:46 137 [main-boss-system][INFO]--------------------- Druid Data Source init ---------------------
20200731 15:02:46 221 [main-boss-system][INFO]------------------Custom SqlSessionFactory init-----------------
20200731 15:02:46 751 [main-boss-system][INFO]-Initializing ExecutorService 'applicationTaskExecutor'
20200731 15:02:46 850 [main-boss-system][INFO]-Clear tk.mybatis.mapper.util.MsUtil CLASS_CACHE cache.
20200731 15:02:46 850 [main-boss-system][INFO]-Clear tk.mybatis.mapper.genid.GenIdUtil CACHE cache.
20200731 15:02:46 850 [main-boss-system][INFO]-Clear tk.mybatis.mapper.version.VersionUtil CACHE cache.
20200731 15:02:46 851 [main-boss-system][INFO]-Clear EntityHelper entityTableMap cache.
20200731 15:02:47 128 [main-boss-system][INFO]-Starting ProtocolHandler ["http-nio-12301"]
20200731 15:02:47 157 [main-boss-system][INFO]-Tomcat started on port(s): 12301 (http) with context path '/boss/system'
20200731 15:02:48 062 [main-boss-system][INFO]-{dataSource-1} inited
20200731 15:02:48 231 [main-boss-system][INFO]-SQL done[1059]select ID, CREATE_TIME, UPDATE_TIME, PARA_CODE, PARA_VALUE, REMARK from system_param
20200731 15:02:48 738 [main-boss-system][INFO]-SQL done[160]select ID, CREATE_TIME, UPDATE_TIME, ROLE_NAME, STATUS from system_role
20200731 15:02:48 875 [main-boss-system][INFO]-SQL done[78]select a.ID, a.CREATE_TIME, a.UPDATE_TIME, a.PARENT_ID, a.MENU_TYPE, a.MENU_NAME, a.MENU_ICON, a.ROUTER_URL, a.AUTH_API, a.SOFT, a.STATUS from system_resource a left join system_role_resource b on a.ID = b.RESOURCE_ID where b.ROLE_ID = 'SYS_ROLE'
20200731 15:02:49 124 [main-boss-system][INFO]-SQL done[85]select a.ID, a.CREATE_TIME, a.UPDATE_TIME, a.PARENT_ID, a.MENU_TYPE, a.MENU_NAME, a.MENU_ICON, a.ROUTER_URL, a.AUTH_API, a.SOFT, a.STATUS from system_resource a left join system_role_resource b on a.ID = b.RESOURCE_ID where b.ROLE_ID = 'TEST'
20200731 15:02:49 132 [main-boss-system][INFO]-Started Application in 4.932 seconds (JVM running for 5.421)
20200731 15:04:36 206 [http-nio-12301-exec-1-boss-system][INFO]-Initializing Spring DispatcherServlet 'dispatcherServlet'
20200731 15:04:36 206 [http-nio-12301-exec-1-boss-system][INFO]-Initializing Servlet 'dispatcherServlet'
20200731 15:04:36 213 [http-nio-12301-exec-1-boss-system][INFO]-Completed initialization in 7 ms
20200731 15:04:36 515 [http-nio-12301-exec-1-boss-system][ERROR]-登录超时!
com.panda.boss.auth.exception.AuthException: 登录超时!
	at com.panda.boss.auth.interceptor.AuthResourceInterceptor.preHandle(AuthResourceInterceptor.java:73)
	at org.springframework.web.servlet.HandlerExecutionChain.applyPreHandle(HandlerExecutionChain.java:141)
	at org.springframework.web.servlet.DispatcherServlet.doDispatch(DispatcherServlet.java:1035)
	at org.springframework.web.servlet.DispatcherServlet.doService(DispatcherServlet.java:943)
	at org.springframework.web.servlet.FrameworkServlet.processRequest(FrameworkServlet.java:1006)
	at org.springframework.web.servlet.FrameworkServlet.doGet(FrameworkServlet.java:898)
	at javax.servlet.http.HttpServlet.service(HttpServlet.java:634)
	at org.springframework.web.servlet.FrameworkServlet.service(FrameworkServlet.java:883)
	at javax.servlet.http.HttpServlet.service(HttpServlet.java:741)
	at org.apache.catalina.core.ApplicationFilterChain.internalDoFilter(ApplicationFilterChain.java:231)
	at org.apache.catalina.core.ApplicationFilterChain.doFilter(ApplicationFilterChain.java:166)
	at org.apache.tomcat.websocket.server.WsFilter.doFilter(WsFilter.java:53)
	at org.apache.catalina.core.ApplicationFilterChain.internalDoFilter(ApplicationFilterChain.java:193)
	at org.apache.catalina.core.ApplicationFilterChain.doFilter(ApplicationFilterChain.java:166)
	at com.alibaba.druid.support.http.WebStatFilter.doFilter(WebStatFilter.java:124)
	at org.apache.catalina.core.ApplicationFilterChain.internalDoFilter(ApplicationFilterChain.java:193)
	at org.apache.catalina.core.ApplicationFilterChain.doFilter(ApplicationFilterChain.java:166)
	at org.springframework.web.filter.RequestContextFilter.doFilterInternal(RequestContextFilter.java:100)
	at org.springframework.web.filter.OncePerRequestFilter.doFilter(OncePerRequestFilter.java:119)
	at org.apache.catalina.core.ApplicationFilterChain.internalDoFilter(ApplicationFilterChain.java:193)
	at org.apache.catalina.core.ApplicationFilterChain.doFilter(ApplicationFilterChain.java:166)
	at org.springframework.web.filter.FormContentFilter.doFilterInternal(FormContentFilter.java:93)
	at org.springframework.web.filter.OncePerRequestFilter.doFilter(OncePerRequestFilter.java:119)
	at org.apache.catalina.core.ApplicationFilterChain.internalDoFilter(ApplicationFilterChain.java:193)
	at org.apache.catalina.core.ApplicationFilterChain.doFilter(ApplicationFilterChain.java:166)
	at org.springframework.web.filter.CharacterEncodingFilter.doFilterInternal(CharacterEncodingFilter.java:201)
	at org.springframework.web.filter.OncePerRequestFilter.doFilter(OncePerRequestFilter.java:119)
	at org.apache.catalina.core.ApplicationFilterChain.internalDoFilter(ApplicationFilterChain.java:193)
	at org.apache.catalina.core.ApplicationFilterChain.doFilter(ApplicationFilterChain.java:166)
	at org.apache.catalina.core.StandardWrapperValve.invoke(StandardWrapperValve.java:202)
	at org.apache.catalina.core.StandardContextValve.invoke(StandardContextValve.java:96)
	at org.apache.catalina.authenticator.AuthenticatorBase.invoke(AuthenticatorBase.java:541)
	at org.apache.catalina.core.StandardHostValve.invoke(StandardHostValve.java:139)
	at org.apache.catalina.valves.ErrorReportValve.invoke(ErrorReportValve.java:92)
	at org.apache.catalina.core.StandardEngineValve.invoke(StandardEngineValve.java:74)
	at org.apache.catalina.connector.CoyoteAdapter.service(CoyoteAdapter.java:343)
	at org.apache.coyote.http11.Http11Processor.service(Http11Processor.java:373)
	at org.apache.coyote.AbstractProcessorLight.process(AbstractProcessorLight.java:65)
	at org.apache.coyote.AbstractProtocol$ConnectionHandler.process(AbstractProtocol.java:868)
	at org.apache.tomcat.util.net.NioEndpoint$SocketProcessor.doRun(NioEndpoint.java:1590)
	at org.apache.tomcat.util.net.SocketProcessorBase.run(SocketProcessorBase.java:49)
	at java.util.concurrent.ThreadPoolExecutor.runWorker(ThreadPoolExecutor.java:1149)
	at java.util.concurrent.ThreadPoolExecutor$Worker.run(ThreadPoolExecutor.java:624)
	at org.apache.tomcat.util.threads.TaskThread$WrappingRunnable.run(TaskThread.java:61)
	at java.lang.Thread.run(Thread.java:748)
20200731 15:04:36 518 [http-nio-12301-exec-1-boss-system][INFO]-资源认证完成,URL:[/common/menus],认证结果:[登录超时!]
20200731 15:04:40 994 [http-nio-12301-exec-2-boss-system][INFO]-资源认证完成,URL:[/login],认证结果:[白名单通过]
20200731 15:04:41 013 [http-nio-12301-exec-2-boss-system][INFO]-接收数据-AOP: http://127.0.0.1:12301/boss/system/login, method: GET, url: /boss/system/login, contentType:null, params: userName=admin&pwd=5807B748F5FD1A351F78C9DA10E15B07
20200731 15:04:41 013 [http-nio-12301-exec-2-boss-system][INFO]-接收数据-AOP: userName=admin&pwd=5807B748F5FD1A351F78C9DA10E15B07
20200731 15:04:41 189 [http-nio-12301-exec-2-boss-system][INFO]-SQL done[173]select ID, CREATE_TIME, UPDATE_TIME, USER_NAME, USER_PASSWORD, PASSWORD_SALT, NICK_NAME, MOBILE, IMAGE_URL, IMAGE_ID, ADMIN_FLAG, STATUS from system_user where USER_NAME = 'admin'
20200731 15:04:41 509 [http-nio-12301-exec-2-boss-system][INFO]-SQL done[85]select USER_ID,ROLE_ID from system_user_role where USER_ID = 'SYS_USER'
20200731 15:04:41 746 [http-nio-12301-exec-2-boss-system][INFO]-响应数据-AOP: {"system":"sys","code":"0000","msg":"交易成功!","data":{"nickName":"系统管理员","token":"a771492a7d0c431f9f02fbb08f8322eb"}}
20200731 15:04:42 110 [http-nio-12301-exec-3-boss-system][INFO]-资源认证完成,URL:[/common/menus],认证结果:[认证通过]
20200731 15:04:42 191 [http-nio-12301-exec-3-boss-system][INFO]-接收数据-AOP: http://127.0.0.1:12301/boss/system/common/menus, method: GET, url: /boss/system/common/menus, contentType:null, params: null
20200731 15:04:42 268 [http-nio-12301-exec-3-boss-system][INFO]-响应数据-AOP: {"system":"sys","code":"0000","msg":"交易成功!","data":{"list":[{"id":"A100","parentId":"0","name":"工作台","icon":"ios-speedometer","routerUrl":"work","menuType":1},{"id":"A200","parentId":"0","name":"系统管理","icon":"md-settings","routerUrl":"system","menuType":1},{"id":"A200100","parentId":"A200","name":"用户管理","icon":"md-person","routerUrl":"system_user","menuType":1},{"id":"A200101","parentId":"A200100","name":"查询","icon":"","routerUrl":"system_user_query","menuType":2},{"id":"A200102","parentId":"A200100","name":"新增","icon":"","routerUrl":"system_user_add","menuType":2},{"id":"A200103","parentId":"A200100","name":"编辑","icon":"","routerUrl":"system_user_edit","menuType":2},{"id":"A200104","parentId":"A200100","name":"启用","icon":"","routerUrl":"system_user_enable","menuType":2},{"id":"A200105","parentId":"A200100","name":"禁用","icon":"","routerUrl":"system_user_disable","menuType":2},{"id":"A200106","parentId":"A200100","name":"重置密码","icon":"","routerUrl":"system_user_reset_pwd","menuType":2},{"id":"A200200","parentId":"A200","name":"角色管理","icon":"md-ribbon","routerUrl":"system_role","menuType":1},{"id":"A200201","parentId":"A200200","name":"查询","icon":"","routerUrl":"system_role_query","menuType":2},{"id":"A200202","parentId":"A200200","name":"新增","icon":"","routerUrl":"system_role_add","menuType":2},{"id":"A200203","parentId":"A200200","name":"编辑","icon":"","routerUrl":"system_role_edit","menuType":2},{"id":"A200204","parentId":"A200200","name":"启用","icon":"","routerUrl":"system_role_enable","menuType":2},{"id":"A200205","parentId":"A200200","name":"禁用","icon":"","routerUrl":"system_role_disable","menuType":2},{"id":"A200300","parentId":"A200","name":"资源管理","icon":"md-menu","routerUrl":"system_menu","menuType":1},{"id":"A200301","parentId":"A200300","name":"查询","icon":"","routerUrl":"system_menu_query","menuType":2},{"id":"A200302","parentId":"A200300","name":"分配资源","icon":"","routerUrl":"system_menu_allocating","menuType":2},{"id":"B100","parentId":"0","name":"笔记管理","icon":"ios-musical-notes","routerUrl":"note","menuType":1},{"id":"B100100","parentId":"B100","name":"笔记种类配置","icon":"ios-build","routerUrl":"note_type","menuType":1},{"id":"B100101","parentId":"B100100","name":"查询","icon":"","routerUrl":"note_type_query","menuType":2},{"id":"B100200","parentId":"B100","name":"笔记管理","icon":"ios-build","routerUrl":"note_data","menuType":1},{"id":"B100201","parentId":"B100200","name":"查询","icon":"","routerUrl":"note_data_query","menuType":2},{"id":"B100202","parentId":"B100200","name":"高级查询","icon":"","routerUrl":"note_data_query","menuType":2},{"id":"B100203","parentId":"B100200","name":"新增","icon":"","routerUrl":"note_data_add","menuType":2},{"id":"B100204","parentId":"B100200","name":"编辑","icon":"","routerUrl":"note_data_edit","menuType":2},{"id":"B100102","parentId":"B100100","name":"新增","icon":"","routerUrl":"note_type_add","menuType":2},{"id":"B100103","parentId":"B100100","name":"编辑","icon":"","routerUrl":"note_type_add","menuType":2},{"id":"B100104","parentId":"B100100","name":"启用","icon":"","routerUrl":"note_type_enable","menuType":2},{"id":"B100105","parentId":"B100100","name":"禁用","icon":"","routerUrl":"note_type_disable","menuType":2},{"id":"B100205","parentId":"B100200","name":"预览","icon":"","routerUrl":"note_data_preview","menuType":2}],"buttons":["system_user_query","system_user_add","system_user_edit","system_user_enable","system_user_disable","system_user_reset_pwd","system_role_query","system_role_add","system_role_edit","system_role_enable","system_role_disable","system_menu_query","system_menu_allocating","note_type_query","note_data_query","note_data_query","note_data_add","note_data_edit","note_type_add","note_type_add","note_type_enable","note_type_disable","note_data_preview"]}}
20200731 15:06:56 653 [http-nio-12301-exec-4-boss-system][INFO]-资源认证完成,URL:[/common/menus],认证结果:[认证通过]
20200731 15:06:56 712 [http-nio-12301-exec-4-boss-system][INFO]-接收数据-AOP: http://127.0.0.1:12301/boss/system/common/menus, method: GET, url: /boss/system/common/menus, contentType:null, params: null
20200731 15:06:56 785 [http-nio-12301-exec-4-boss-system][INFO]-响应数据-AOP: {"system":"sys","code":"0000","msg":"交易成功!","data":{"list":[{"id":"A100","parentId":"0","name":"工作台","icon":"ios-speedometer","routerUrl":"work","menuType":1},{"id":"A200","parentId":"0","name":"系统管理","icon":"md-settings","routerUrl":"system","menuType":1},{"id":"A200100","parentId":"A200","name":"用户管理","icon":"md-person","routerUrl":"system_user","menuType":1},{"id":"A200101","parentId":"A200100","name":"查询","icon":"","routerUrl":"system_user_query","menuType":2},{"id":"A200102","parentId":"A200100","name":"新增","icon":"","routerUrl":"system_user_add","menuType":2},{"id":"A200103","parentId":"A200100","name":"编辑","icon":"","routerUrl":"system_user_edit","menuType":2},{"id":"A200104","parentId":"A200100","name":"启用","icon":"","routerUrl":"system_user_enable","menuType":2},{"id":"A200105","parentId":"A200100","name":"禁用","icon":"","routerUrl":"system_user_disable","menuType":2},{"id":"A200106","parentId":"A200100","name":"重置密码","icon":"","routerUrl":"system_user_reset_pwd","menuType":2},{"id":"A200200","parentId":"A200","name":"角色管理","icon":"md-ribbon","routerUrl":"system_role","menuType":1},{"id":"A200201","parentId":"A200200","name":"查询","icon":"","routerUrl":"system_role_query","menuType":2},{"id":"A200202","parentId":"A200200","name":"新增","icon":"","routerUrl":"system_role_add","menuType":2},{"id":"A200203","parentId":"A200200","name":"编辑","icon":"","routerUrl":"system_role_edit","menuType":2},{"id":"A200204","parentId":"A200200","name":"启用","icon":"","routerUrl":"system_role_enable","menuType":2},{"id":"A200205","parentId":"A200200","name":"禁用","icon":"","routerUrl":"system_role_disable","menuType":2},{"id":"A200300","parentId":"A200","name":"资源管理","icon":"md-menu","routerUrl":"system_menu","menuType":1},{"id":"A200301","parentId":"A200300","name":"查询","icon":"","routerUrl":"system_menu_query","menuType":2},{"id":"A200302","parentId":"A200300","name":"分配资源","icon":"","routerUrl":"system_menu_allocating","menuType":2},{"id":"B100","parentId":"0","name":"笔记管理","icon":"ios-musical-notes","routerUrl":"note","menuType":1},{"id":"B100100","parentId":"B100","name":"笔记种类配置","icon":"ios-build","routerUrl":"note_type","menuType":1},{"id":"B100101","parentId":"B100100","name":"查询","icon":"","routerUrl":"note_type_query","menuType":2},{"id":"B100200","parentId":"B100","name":"笔记管理","icon":"ios-build","routerUrl":"note_data","menuType":1},{"id":"B100201","parentId":"B100200","name":"查询","icon":"","routerUrl":"note_data_query","menuType":2},{"id":"B100202","parentId":"B100200","name":"高级查询","icon":"","routerUrl":"note_data_query","menuType":2},{"id":"B100203","parentId":"B100200","name":"新增","icon":"","routerUrl":"note_data_add","menuType":2},{"id":"B100204","parentId":"B100200","name":"编辑","icon":"","routerUrl":"note_data_edit","menuType":2},{"id":"B100102","parentId":"B100100","name":"新增","icon":"","routerUrl":"note_type_add","menuType":2},{"id":"B100103","parentId":"B100100","name":"编辑","icon":"","routerUrl":"note_type_add","menuType":2},{"id":"B100104","parentId":"B100100","name":"启用","icon":"","routerUrl":"note_type_enable","menuType":2},{"id":"B100105","parentId":"B100100","name":"禁用","icon":"","routerUrl":"note_type_disable","menuType":2},{"id":"B100205","parentId":"B100200","name":"预览","icon":"","routerUrl":"note_data_preview","menuType":2}],"buttons":["system_user_query","system_user_add","system_user_edit","system_user_enable","system_user_disable","system_user_reset_pwd","system_role_query","system_role_add","system_role_edit","system_role_enable","system_role_disable","system_menu_query","system_menu_allocating","note_type_query","note_data_query","note_data_query","note_data_add","note_data_edit","note_type_add","note_type_add","note_type_enable","note_type_disable","note_data_preview"]}}
20200731 15:09:33 068 [http-nio-12301-exec-5-boss-system][INFO]-资源认证完成,URL:[/common/menus],认证结果:[认证通过]
20200731 15:09:33 141 [http-nio-12301-exec-5-boss-system][INFO]-接收数据-AOP: http://127.0.0.1:12301/boss/system/common/menus, method: GET, url: /boss/system/common/menus, contentType:null, params: null
20200731 15:09:33 355 [http-nio-12301-exec-5-boss-system][INFO]-响应数据-AOP: {"system":"sys","code":"0000","msg":"交易成功!","data":{"list":[{"id":"A100","parentId":"0","name":"工作台","icon":"ios-speedometer","routerUrl":"work","menuType":1},{"id":"A200","parentId":"0","name":"系统管理","icon":"md-settings","routerUrl":"system","menuType":1},{"id":"A200100","parentId":"A200","name":"用户管理","icon":"md-person","routerUrl":"system_user","menuType":1},{"id":"A200101","parentId":"A200100","name":"查询","icon":"","routerUrl":"system_user_query","menuType":2},{"id":"A200102","parentId":"A200100","name":"新增","icon":"","routerUrl":"system_user_add","menuType":2},{"id":"A200103","parentId":"A200100","name":"编辑","icon":"","routerUrl":"system_user_edit","menuType":2},{"id":"A200104","parentId":"A200100","name":"启用","icon":"","routerUrl":"system_user_enable","menuType":2},{"id":"A200105","parentId":"A200100","name":"禁用","icon":"","routerUrl":"system_user_disable","menuType":2},{"id":"A200106","parentId":"A200100","name":"重置密码","icon":"","routerUrl":"system_user_reset_pwd","menuType":2},{"id":"A200200","parentId":"A200","name":"角色管理","icon":"md-ribbon","routerUrl":"system_role","menuType":1},{"id":"A200201","parentId":"A200200","name":"查询","icon":"","routerUrl":"system_role_query","menuType":2},{"id":"A200202","parentId":"A200200","name":"新增","icon":"","routerUrl":"system_role_add","menuType":2},{"id":"A200203","parentId":"A200200","name":"编辑","icon":"","routerUrl":"system_role_edit","menuType":2},{"id":"A200204","parentId":"A200200","name":"启用","icon":"","routerUrl":"system_role_enable","menuType":2},{"id":"A200205","parentId":"A200200","name":"禁用","icon":"","routerUrl":"system_role_disable","menuType":2},{"id":"A200300","parentId":"A200","name":"资源管理","icon":"md-menu","routerUrl":"system_menu","menuType":1},{"id":"A200301","parentId":"A200300","name":"查询","icon":"","routerUrl":"system_menu_query","menuType":2},{"id":"A200302","parentId":"A200300","name":"分配资源","icon":"","routerUrl":"system_menu_allocating","menuType":2},{"id":"B100","parentId":"0","name":"笔记管理","icon":"ios-musical-notes","routerUrl":"note","menuType":1},{"id":"B100100","parentId":"B100","name":"笔记种类配置","icon":"ios-build","routerUrl":"note_type","menuType":1},{"id":"B100101","parentId":"B100100","name":"查询","icon":"","routerUrl":"note_type_query","menuType":2},{"id":"B100200","parentId":"B100","name":"笔记管理","icon":"ios-build","routerUrl":"note_data","menuType":1},{"id":"B100201","parentId":"B100200","name":"查询","icon":"","routerUrl":"note_data_query","menuType":2},{"id":"B100202","parentId":"B100200","name":"高级查询","icon":"","routerUrl":"note_data_query","menuType":2},{"id":"B100203","parentId":"B100200","name":"新增","icon":"","routerUrl":"note_data_add","menuType":2},{"id":"B100204","parentId":"B100200","name":"编辑","icon":"","routerUrl":"note_data_edit","menuType":2},{"id":"B100102","parentId":"B100100","name":"新增","icon":"","routerUrl":"note_type_add","menuType":2},{"id":"B100103","parentId":"B100100","name":"编辑","icon":"","routerUrl":"note_type_add","menuType":2},{"id":"B100104","parentId":"B100100","name":"启用","icon":"","routerUrl":"note_type_enable","menuType":2},{"id":"B100105","parentId":"B100100","name":"禁用","icon":"","routerUrl":"note_type_disable","menuType":2},{"id":"B100205","parentId":"B100200","name":"预览","icon":"","routerUrl":"note_data_preview","menuType":2}],"buttons":["system_user_query","system_user_add","system_user_edit","system_user_enable","system_user_disable","system_user_reset_pwd","system_role_query","system_role_add","system_role_edit","system_role_enable","system_role_disable","system_menu_query","system_menu_allocating","note_type_query","note_data_query","note_data_query","note_data_add","note_data_edit","note_type_add","note_type_add","note_type_enable","note_type_disable","note_data_preview"]}}
20200731 16:17:37 776 [http-nio-12301-exec-6-boss-system][ERROR]-登录超时!
com.panda.boss.auth.exception.AuthException: 登录超时!
	at com.panda.boss.auth.interceptor.AuthResourceInterceptor.preHandle(AuthResourceInterceptor.java:73)
	at org.springframework.web.servlet.HandlerExecutionChain.applyPreHandle(HandlerExecutionChain.java:141)
	at org.springframework.web.servlet.DispatcherServlet.doDispatch(DispatcherServlet.java:1035)
	at org.springframework.web.servlet.DispatcherServlet.doService(DispatcherServlet.java:943)
	at org.springframework.web.servlet.FrameworkServlet.processRequest(FrameworkServlet.java:1006)
	at org.springframework.web.servlet.FrameworkServlet.doGet(FrameworkServlet.java:898)
	at javax.servlet.http.HttpServlet.service(HttpServlet.java:634)
	at org.springframework.web.servlet.FrameworkServlet.service(FrameworkServlet.java:883)
	at javax.servlet.http.HttpServlet.service(HttpServlet.java:741)
	at org.apache.catalina.core.ApplicationFilterChain.internalDoFilter(ApplicationFilterChain.java:231)
	at org.apache.catalina.core.ApplicationFilterChain.doFilter(ApplicationFilterChain.java:166)
	at org.apache.tomcat.websocket.server.WsFilter.doFilter(WsFilter.java:53)
	at org.apache.catalina.core.ApplicationFilterChain.internalDoFilter(ApplicationFilterChain.java:193)
	at org.apache.catalina.core.ApplicationFilterChain.doFilter(ApplicationFilterChain.java:166)
	at com.alibaba.druid.support.http.WebStatFilter.doFilter(WebStatFilter.java:124)
	at org.apache.catalina.core.ApplicationFilterChain.internalDoFilter(ApplicationFilterChain.java:193)
	at org.apache.catalina.core.ApplicationFilterChain.doFilter(ApplicationFilterChain.java:166)
	at org.springframework.web.filter.RequestContextFilter.doFilterInternal(RequestContextFilter.java:100)
	at org.springframework.web.filter.OncePerRequestFilter.doFilter(OncePerRequestFilter.java:119)
	at org.apache.catalina.core.ApplicationFilterChain.internalDoFilter(ApplicationFilterChain.java:193)
	at org.apache.catalina.core.ApplicationFilterChain.doFilter(ApplicationFilterChain.java:166)
	at org.springframework.web.filter.FormContentFilter.doFilterInternal(FormContentFilter.java:93)
	at org.springframework.web.filter.OncePerRequestFilter.doFilter(OncePerRequestFilter.java:119)
	at org.apache.catalina.core.ApplicationFilterChain.internalDoFilter(ApplicationFilterChain.java:193)
	at org.apache.catalina.core.ApplicationFilterChain.doFilter(ApplicationFilterChain.java:166)
	at org.springframework.web.filter.CharacterEncodingFilter.doFilterInternal(CharacterEncodingFilter.java:201)
	at org.springframework.web.filter.OncePerRequestFilter.doFilter(OncePerRequestFilter.java:119)
	at org.apache.catalina.core.ApplicationFilterChain.internalDoFilter(ApplicationFilterChain.java:193)
	at org.apache.catalina.core.ApplicationFilterChain.doFilter(ApplicationFilterChain.java:166)
	at org.apache.catalina.core.StandardWrapperValve.invoke(StandardWrapperValve.java:202)
	at org.apache.catalina.core.StandardContextValve.invoke(StandardContextValve.java:96)
	at org.apache.catalina.authenticator.AuthenticatorBase.invoke(AuthenticatorBase.java:541)
	at org.apache.catalina.core.StandardHostValve.invoke(StandardHostValve.java:139)
	at org.apache.catalina.valves.ErrorReportValve.invoke(ErrorReportValve.java:92)
	at org.apache.catalina.core.StandardEngineValve.invoke(StandardEngineValve.java:74)
	at org.apache.catalina.connector.CoyoteAdapter.service(CoyoteAdapter.java:343)
	at org.apache.coyote.http11.Http11Processor.service(Http11Processor.java:373)
	at org.apache.coyote.AbstractProcessorLight.process(AbstractProcessorLight.java:65)
	at org.apache.coyote.AbstractProtocol$ConnectionHandler.process(AbstractProtocol.java:868)
	at org.apache.tomcat.util.net.NioEndpoint$SocketProcessor.doRun(NioEndpoint.java:1590)
	at org.apache.tomcat.util.net.SocketProcessorBase.run(SocketProcessorBase.java:49)
	at java.util.concurrent.ThreadPoolExecutor.runWorker(ThreadPoolExecutor.java:1149)
	at java.util.concurrent.ThreadPoolExecutor$Worker.run(ThreadPoolExecutor.java:624)
	at org.apache.tomcat.util.threads.TaskThread$WrappingRunnable.run(TaskThread.java:61)
	at java.lang.Thread.run(Thread.java:748)
20200731 16:17:37 778 [http-nio-12301-exec-6-boss-system][INFO]-资源认证完成,URL:[/common/menus],认证结果:[登录超时!]
20200731 16:17:40 884 [http-nio-12301-exec-7-boss-system][INFO]-资源认证完成,URL:[/login],认证结果:[白名单通过]
20200731 16:17:40 885 [http-nio-12301-exec-7-boss-system][INFO]-接收数据-AOP: http://127.0.0.1:12301/boss/system/login, method: GET, url: /boss/system/login, contentType:null, params: userName=admin&pwd=5807B748F5FD1A351F78C9DA10E15B07
20200731 16:17:40 885 [http-nio-12301-exec-7-boss-system][INFO]-接收数据-AOP: userName=admin&pwd=5807B748F5FD1A351F78C9DA10E15B07
20200731 16:17:42 791 [http-nio-12301-exec-7-boss-system][INFO]-SQL done[1906]select ID, CREATE_TIME, UPDATE_TIME, USER_NAME, USER_PASSWORD, PASSWORD_SALT, NICK_NAME, MOBILE, IMAGE_URL, IMAGE_ID, ADMIN_FLAG, STATUS from system_user where USER_NAME = 'admin'
20200731 16:17:43 014 [http-nio-12301-exec-7-boss-system][INFO]-SQL done[78]select USER_ID,ROLE_ID from system_user_role where USER_ID = 'SYS_USER'
20200731 16:17:43 274 [http-nio-12301-exec-7-boss-system][INFO]-响应数据-AOP: {"system":"sys","code":"0000","msg":"交易成功!","data":{"nickName":"系统管理员","token":"cb695960087b4ef2b74e019893053143"}}
20200731 16:17:43 657 [http-nio-12301-exec-8-boss-system][INFO]-资源认证完成,URL:[/common/menus],认证结果:[认证通过]
20200731 16:17:43 737 [http-nio-12301-exec-8-boss-system][INFO]-接收数据-AOP: http://127.0.0.1:12301/boss/system/common/menus, method: GET, url: /boss/system/common/menus, contentType:null, params: null
20200731 16:17:43 822 [http-nio-12301-exec-8-boss-system][INFO]-响应数据-AOP: {"system":"sys","code":"0000","msg":"交易成功!","data":{"list":[{"id":"A100","parentId":"0","name":"工作台","icon":"ios-speedometer","routerUrl":"work","menuType":1},{"id":"A200","parentId":"0","name":"系统管理","icon":"md-settings","routerUrl":"system","menuType":1},{"id":"A200100","parentId":"A200","name":"用户管理","icon":"md-person","routerUrl":"system_user","menuType":1},{"id":"A200101","parentId":"A200100","name":"查询","icon":"","routerUrl":"system_user_query","menuType":2},{"id":"A200102","parentId":"A200100","name":"新增","icon":"","routerUrl":"system_user_add","menuType":2},{"id":"A200103","parentId":"A200100","name":"编辑","icon":"","routerUrl":"system_user_edit","menuType":2},{"id":"A200104","parentId":"A200100","name":"启用","icon":"","routerUrl":"system_user_enable","menuType":2},{"id":"A200105","parentId":"A200100","name":"禁用","icon":"","routerUrl":"system_user_disable","menuType":2},{"id":"A200106","parentId":"A200100","name":"重置密码","icon":"","routerUrl":"system_user_reset_pwd","menuType":2},{"id":"A200200","parentId":"A200","name":"角色管理","icon":"md-ribbon","routerUrl":"system_role","menuType":1},{"id":"A200201","parentId":"A200200","name":"查询","icon":"","routerUrl":"system_role_query","menuType":2},{"id":"A200202","parentId":"A200200","name":"新增","icon":"","routerUrl":"system_role_add","menuType":2},{"id":"A200203","parentId":"A200200","name":"编辑","icon":"","routerUrl":"system_role_edit","menuType":2},{"id":"A200204","parentId":"A200200","name":"启用","icon":"","routerUrl":"system_role_enable","menuType":2},{"id":"A200205","parentId":"A200200","name":"禁用","icon":"","routerUrl":"system_role_disable","menuType":2},{"id":"A200300","parentId":"A200","name":"资源管理","icon":"md-menu","routerUrl":"system_menu","menuType":1},{"id":"A200301","parentId":"A200300","name":"查询","icon":"","routerUrl":"system_menu_query","menuType":2},{"id":"A200302","parentId":"A200300","name":"分配资源","icon":"","routerUrl":"system_menu_allocating","menuType":2},{"id":"B100","parentId":"0","name":"笔记管理","icon":"ios-musical-notes","routerUrl":"note","menuType":1},{"id":"B100100","parentId":"B100","name":"笔记种类配置","icon":"ios-build","routerUrl":"note_type","menuType":1},{"id":"B100101","parentId":"B100100","name":"查询","icon":"","routerUrl":"note_type_query","menuType":2},{"id":"B100200","parentId":"B100","name":"笔记管理","icon":"ios-build","routerUrl":"note_data","menuType":1},{"id":"B100201","parentId":"B100200","name":"查询","icon":"","routerUrl":"note_data_query","menuType":2},{"id":"B100202","parentId":"B100200","name":"高级查询","icon":"","routerUrl":"note_data_query","menuType":2},{"id":"B100203","parentId":"B100200","name":"新增","icon":"","routerUrl":"note_data_add","menuType":2},{"id":"B100204","parentId":"B100200","name":"编辑","icon":"","routerUrl":"note_data_edit","menuType":2},{"id":"B100102","parentId":"B100100","name":"新增","icon":"","routerUrl":"note_type_add","menuType":2},{"id":"B100103","parentId":"B100100","name":"编辑","icon":"","routerUrl":"note_type_add","menuType":2},{"id":"B100104","parentId":"B100100","name":"启用","icon":"","routerUrl":"note_type_enable","menuType":2},{"id":"B100105","parentId":"B100100","name":"禁用","icon":"","routerUrl":"note_type_disable","menuType":2},{"id":"B100205","parentId":"B100200","name":"预览","icon":"","routerUrl":"note_data_preview","menuType":2}],"buttons":["system_user_query","system_user_add","system_user_edit","system_user_enable","system_user_disable","system_user_reset_pwd","system_role_query","system_role_add","system_role_edit","system_role_enable","system_role_disable","system_menu_query","system_menu_allocating","note_type_query","note_data_query","note_data_query","note_data_add","note_data_edit","note_type_add","note_type_add","note_type_enable","note_type_disable","note_data_preview"]}}
20200731 17:09:35 575 [http-nio-12301-exec-9-boss-system][INFO]-资源认证完成,URL:[/login],认证结果:[白名单通过]
20200731 17:09:35 578 [http-nio-12301-exec-9-boss-system][INFO]-接收数据-AOP: http://127.0.0.1:12301/boss/system/login, method: GET, url: /boss/system/login, contentType:null, params: userName=admin&pwd=5807B748F5FD1A351F78C9DA10E15B07
20200731 17:09:35 578 [http-nio-12301-exec-9-boss-system][INFO]-接收数据-AOP: userName=admin&pwd=5807B748F5FD1A351F78C9DA10E15B07
20200731 17:09:36 016 [http-nio-12301-exec-9-boss-system][INFO]-SQL done[435]select ID, CREATE_TIME, UPDATE_TIME, USER_NAME, USER_PASSWORD, PASSWORD_SALT, NICK_NAME, MOBILE, IMAGE_URL, IMAGE_ID, ADMIN_FLAG, STATUS from system_user where USER_NAME = 'admin'
20200731 17:09:36 890 [http-nio-12301-exec-9-boss-system][INFO]-SQL done[87]select USER_ID,ROLE_ID from system_user_role where USER_ID = 'SYS_USER'
20200731 17:09:37 129 [http-nio-12301-exec-9-boss-system][INFO]-响应数据-AOP: {"system":"sys","code":"0000","msg":"交易成功!","data":{"nickName":"系统管理员","token":"adabbace5fd04da5993929559e600fef"}}
20200731 17:09:37 518 [http-nio-12301-exec-10-boss-system][INFO]-资源认证完成,URL:[/common/menus],认证结果:[认证通过]
20200731 17:09:37 583 [http-nio-12301-exec-10-boss-system][INFO]-接收数据-AOP: http://127.0.0.1:12301/boss/system/common/menus, method: GET, url: /boss/system/common/menus, contentType:null, params: null
20200731 17:09:37 658 [http-nio-12301-exec-10-boss-system][INFO]-响应数据-AOP: {"system":"sys","code":"0000","msg":"交易成功!","data":{"list":[{"id":"A100","parentId":"0","name":"工作台","icon":"ios-speedometer","routerUrl":"work","menuType":1},{"id":"A200","parentId":"0","name":"系统管理","icon":"md-settings","routerUrl":"system","menuType":1},{"id":"A200100","parentId":"A200","name":"用户管理","icon":"md-person","routerUrl":"system_user","menuType":1},{"id":"A200101","parentId":"A200100","name":"查询","icon":"","routerUrl":"system_user_query","menuType":2},{"id":"A200102","parentId":"A200100","name":"新增","icon":"","routerUrl":"system_user_add","menuType":2},{"id":"A200103","parentId":"A200100","name":"编辑","icon":"","routerUrl":"system_user_edit","menuType":2},{"id":"A200104","parentId":"A200100","name":"启用","icon":"","routerUrl":"system_user_enable","menuType":2},{"id":"A200105","parentId":"A200100","name":"禁用","icon":"","routerUrl":"system_user_disable","menuType":2},{"id":"A200106","parentId":"A200100","name":"重置密码","icon":"","routerUrl":"system_user_reset_pwd","menuType":2},{"id":"A200200","parentId":"A200","name":"角色管理","icon":"md-ribbon","routerUrl":"system_role","menuType":1},{"id":"A200201","parentId":"A200200","name":"查询","icon":"","routerUrl":"system_role_query","menuType":2},{"id":"A200202","parentId":"A200200","name":"新增","icon":"","routerUrl":"system_role_add","menuType":2},{"id":"A200203","parentId":"A200200","name":"编辑","icon":"","routerUrl":"system_role_edit","menuType":2},{"id":"A200204","parentId":"A200200","name":"启用","icon":"","routerUrl":"system_role_enable","menuType":2},{"id":"A200205","parentId":"A200200","name":"禁用","icon":"","routerUrl":"system_role_disable","menuType":2},{"id":"A200300","parentId":"A200","name":"资源管理","icon":"md-menu","routerUrl":"system_menu","menuType":1},{"id":"A200301","parentId":"A200300","name":"查询","icon":"","routerUrl":"system_menu_query","menuType":2},{"id":"A200302","parentId":"A200300","name":"分配资源","icon":"","routerUrl":"system_menu_allocating","menuType":2},{"id":"B100","parentId":"0","name":"笔记管理","icon":"ios-musical-notes","routerUrl":"note","menuType":1},{"id":"B100100","parentId":"B100","name":"笔记种类配置","icon":"ios-build","routerUrl":"note_type","menuType":1},{"id":"B100101","parentId":"B100100","name":"查询","icon":"","routerUrl":"note_type_query","menuType":2},{"id":"B100200","parentId":"B100","name":"笔记管理","icon":"ios-build","routerUrl":"note_data","menuType":1},{"id":"B100201","parentId":"B100200","name":"查询","icon":"","routerUrl":"note_data_query","menuType":2},{"id":"B100202","parentId":"B100200","name":"高级查询","icon":"","routerUrl":"note_data_query","menuType":2},{"id":"B100203","parentId":"B100200","name":"新增","icon":"","routerUrl":"note_data_add","menuType":2},{"id":"B100204","parentId":"B100200","name":"编辑","icon":"","routerUrl":"note_data_edit","menuType":2},{"id":"B100102","parentId":"B100100","name":"新增","icon":"","routerUrl":"note_type_add","menuType":2},{"id":"B100103","parentId":"B100100","name":"编辑","icon":"","routerUrl":"note_type_add","menuType":2},{"id":"B100104","parentId":"B100100","name":"启用","icon":"","routerUrl":"note_type_enable","menuType":2},{"id":"B100105","parentId":"B100100","name":"禁用","icon":"","routerUrl":"note_type_disable","menuType":2},{"id":"B100205","parentId":"B100200","name":"预览","icon":"","routerUrl":"note_data_preview","menuType":2}],"buttons":["system_user_query","system_user_add","system_user_edit","system_user_enable","system_user_disable","system_user_reset_pwd","system_role_query","system_role_add","system_role_edit","system_role_enable","system_role_disable","system_menu_query","system_menu_allocating","note_type_query","note_data_query","note_data_query","note_data_add","note_data_edit","note_type_add","note_type_add","note_type_enable","note_type_disable","note_data_preview"]}}
20200731 17:22:10 759 [SpringContextShutdownHook-boss-system][INFO]-Shutting down ExecutorService 'applicationTaskExecutor'
20200731 17:22:10 761 [SpringContextShutdownHook-boss-system][INFO]-{dataSource-1} closing ...
20200731 17:22:10 772 [SpringContextShutdownHook-boss-system][INFO]-{dataSource-1} closed
20200731 17:22:17 597 [main-boss-system][INFO]-Starting Application on wujianhuideMacBook-Pro.local with PID 41918 (/Users/wujianhui/work/project/panda/panda-boss-system/target/classes started by wujianhui in /Users/wujianhui/work/project/panda/panda-boss-system)
20200731 17:22:17 597 [main-boss-system][INFO]-The following profiles are active: debug
20200731 17:22:18 126 [main-boss-system][WARN]-No MyBatis mapper was found in '[com.panda.boss]' package. Please check your configuration.
20200731 17:22:18 163 [main-boss-system][INFO]-Multiple Spring Data modules found, entering strict repository configuration mode!
20200731 17:22:18 165 [main-boss-system][INFO]-Bootstrapping Spring Data Redis repositories in DEFAULT mode.
20200731 17:22:18 181 [main-boss-system][INFO]-Finished Spring Data repository scanning in 6ms. Found 0 Redis repository interfaces.
20200731 17:22:18 744 [main-boss-system][INFO]-Tomcat initialized with port(s): 12301 (http)
20200731 17:22:18 750 [main-boss-system][INFO]-Initializing ProtocolHandler ["http-nio-12301"]
20200731 17:22:18 750 [main-boss-system][INFO]-Starting service [Tomcat]
20200731 17:22:18 750 [main-boss-system][INFO]-Starting Servlet engine: [Apache Tomcat/9.0.36]
20200731 17:22:18 814 [main-boss-system][INFO]-Initializing Spring embedded WebApplicationContext
20200731 17:22:18 814 [main-boss-system][INFO]-Root WebApplicationContext: initialization completed in 1184 ms
20200731 17:22:18 964 [main-boss-system][INFO]--------------------- Druid Data Source init ---------------------
20200731 17:22:19 053 [main-boss-system][INFO]------------------Custom SqlSessionFactory init-----------------
20200731 17:22:19 584 [main-boss-system][INFO]-Initializing ExecutorService 'applicationTaskExecutor'
20200731 17:22:19 687 [main-boss-system][INFO]-Clear tk.mybatis.mapper.util.MsUtil CLASS_CACHE cache.
20200731 17:22:19 688 [main-boss-system][INFO]-Clear tk.mybatis.mapper.genid.GenIdUtil CACHE cache.
20200731 17:22:19 688 [main-boss-system][INFO]-Clear tk.mybatis.mapper.version.VersionUtil CACHE cache.
20200731 17:22:19 689 [main-boss-system][INFO]-Clear EntityHelper entityTableMap cache.
20200731 17:22:20 033 [main-boss-system][INFO]-Starting ProtocolHandler ["http-nio-12301"]
20200731 17:22:20 071 [main-boss-system][INFO]-Tomcat started on port(s): 12301 (http) with context path '/boss/system'
20200731 17:22:22 564 [main-boss-system][INFO]-{dataSource-1} inited
20200731 17:22:22 713 [main-boss-system][INFO]-SQL done[2621]select ID, CREATE_TIME, UPDATE_TIME, PARA_CODE, PARA_VALUE, REMARK from system_param
20200731 17:22:23 245 [main-boss-system][INFO]-SQL done[67]select ID, CREATE_TIME, UPDATE_TIME, ROLE_NAME, STATUS from system_role
20200731 17:22:23 422 [main-boss-system][INFO]-SQL done[88]select a.ID, a.CREATE_TIME, a.UPDATE_TIME, a.PARENT_ID, a.MENU_TYPE, a.MENU_NAME, a.MENU_ICON, a.ROUTER_URL, a.AUTH_API, a.SOFT, a.STATUS from system_resource a left join system_role_resource b on a.ID = b.RESOURCE_ID where b.ROLE_ID = 'SYS_ROLE'
20200731 17:22:23 684 [main-boss-system][INFO]-SQL done[75]select a.ID, a.CREATE_TIME, a.UPDATE_TIME, a.PARENT_ID, a.MENU_TYPE, a.MENU_NAME, a.MENU_ICON, a.ROUTER_URL, a.AUTH_API, a.SOFT, a.STATUS from system_resource a left join system_role_resource b on a.ID = b.RESOURCE_ID where b.ROLE_ID = 'TEST'
20200731 17:22:23 688 [main-boss-system][INFO]-Started Application in 6.762 seconds (JVM running for 7.233)
20200731 17:28:00 311 [http-nio-12301-exec-1-boss-system][INFO]-Initializing Spring DispatcherServlet 'dispatcherServlet'
20200731 17:28:00 311 [http-nio-12301-exec-1-boss-system][INFO]-Initializing Servlet 'dispatcherServlet'
20200731 17:28:00 316 [http-nio-12301-exec-1-boss-system][INFO]-Completed initialization in 5 ms
20200731 17:28:00 330 [http-nio-12301-exec-1-boss-system][INFO]-资源认证完成,URL:[/login],认证结果:[白名单通过]
20200731 17:28:00 345 [http-nio-12301-exec-1-boss-system][INFO]-接收数据-AOP: http://127.0.0.1:12301/boss/system/login, method: GET, url: /boss/system/login, contentType:null, params: userName=admin&pwd=5807B748F5FD1A351F78C9DA10E15B07
20200731 17:28:00 345 [http-nio-12301-exec-1-boss-system][INFO]-接收数据-AOP: userName=admin&pwd=5807B748F5FD1A351F78C9DA10E15B07
20200731 17:28:00 526 [http-nio-12301-exec-1-boss-system][INFO]-SQL done[178]select ID, CREATE_TIME, UPDATE_TIME, USER_NAME, USER_PASSWORD, PASSWORD_SALT, NICK_NAME, MOBILE, IMAGE_URL, IMAGE_ID, ADMIN_FLAG, STATUS from system_user where USER_NAME = 'admin'
20200731 17:28:01 041 [http-nio-12301-exec-1-boss-system][INFO]-SQL done[75]select USER_ID,ROLE_ID from system_user_role where USER_ID = 'SYS_USER'
20200731 17:28:01 318 [http-nio-12301-exec-1-boss-system][INFO]-响应数据-AOP: {"system":"sys","code":"0000","msg":"交易成功!","data":{"nickName":"系统管理员","token":"88a291c610304eb09d264e010bdb6a66"}}
20200731 17:28:01 763 [http-nio-12301-exec-2-boss-system][INFO]-资源认证完成,URL:[/common/menus],认证结果:[认证通过]
20200731 17:28:01 848 [http-nio-12301-exec-2-boss-system][INFO]-接收数据-AOP: http://127.0.0.1:12301/boss/system/common/menus, method: GET, url: /boss/system/common/menus, contentType:null, params: null
20200731 17:28:01 947 [http-nio-12301-exec-2-boss-system][INFO]-响应数据-AOP: {"system":"sys","code":"0000","msg":"交易成功!","data":{"list":[{"id":"A100","parentId":"0","name":"工作台","icon":"ios-speedometer","routerUrl":"work","menuType":1},{"id":"A200","parentId":"0","name":"系统管理","icon":"md-settings","routerUrl":"system","menuType":1},{"id":"A200100","parentId":"A200","name":"用户管理","icon":"md-person","routerUrl":"system_user","menuType":1},{"id":"A200101","parentId":"A200100","name":"查询","icon":"","routerUrl":"system_user_query","menuType":2},{"id":"A200102","parentId":"A200100","name":"新增","icon":"","routerUrl":"system_user_add","menuType":2},{"id":"A200103","parentId":"A200100","name":"编辑","icon":"","routerUrl":"system_user_edit","menuType":2},{"id":"A200104","parentId":"A200100","name":"启用","icon":"","routerUrl":"system_user_enable","menuType":2},{"id":"A200105","parentId":"A200100","name":"禁用","icon":"","routerUrl":"system_user_disable","menuType":2},{"id":"A200106","parentId":"A200100","name":"重置密码","icon":"","routerUrl":"system_user_reset_pwd","menuType":2},{"id":"A200200","parentId":"A200","name":"角色管理","icon":"md-ribbon","routerUrl":"system_role","menuType":1},{"id":"A200201","parentId":"A200200","name":"查询","icon":"","routerUrl":"system_role_query","menuType":2},{"id":"A200202","parentId":"A200200","name":"新增","icon":"","routerUrl":"system_role_add","menuType":2},{"id":"A200203","parentId":"A200200","name":"编辑","icon":"","routerUrl":"system_role_edit","menuType":2},{"id":"A200204","parentId":"A200200","name":"启用","icon":"","routerUrl":"system_role_enable","menuType":2},{"id":"A200205","parentId":"A200200","name":"禁用","icon":"","routerUrl":"system_role_disable","menuType":2},{"id":"A200300","parentId":"A200","name":"资源管理","icon":"md-menu","routerUrl":"system_menu","menuType":1},{"id":"A200301","parentId":"A200300","name":"查询","icon":"","routerUrl":"system_menu_query","menuType":2},{"id":"A200302","parentId":"A200300","name":"分配资源","icon":"","routerUrl":"system_menu_allocating","menuType":2},{"id":"B100","parentId":"0","name":"笔记管理","icon":"ios-musical-notes","routerUrl":"note","menuType":1},{"id":"B100100","parentId":"B100","name":"笔记种类配置","icon":"ios-build","routerUrl":"note_type","menuType":1},{"id":"B100101","parentId":"B100100","name":"查询","icon":"","routerUrl":"note_type_query","menuType":2},{"id":"B100200","parentId":"B100","name":"笔记管理","icon":"ios-build","routerUrl":"note_data","menuType":1},{"id":"B100201","parentId":"B100200","name":"查询","icon":"","routerUrl":"note_data_query","menuType":2},{"id":"B100202","parentId":"B100200","name":"高级查询","icon":"","routerUrl":"note_data_query","menuType":2},{"id":"B100203","parentId":"B100200","name":"新增","icon":"","routerUrl":"note_data_add","menuType":2},{"id":"B100204","parentId":"B100200","name":"编辑","icon":"","routerUrl":"note_data_edit","menuType":2},{"id":"B100102","parentId":"B100100","name":"新增","icon":"","routerUrl":"note_type_add","menuType":2},{"id":"B100103","parentId":"B100100","name":"编辑","icon":"","routerUrl":"note_type_add","menuType":2},{"id":"B100104","parentId":"B100100","name":"启用","icon":"","routerUrl":"note_type_enable","menuType":2},{"id":"B100105","parentId":"B100100","name":"禁用","icon":"","routerUrl":"note_type_disable","menuType":2},{"id":"B100205","parentId":"B100200","name":"预览","icon":"","routerUrl":"note_data_preview","menuType":2}],"buttons":["system_user_query","system_user_add","system_user_edit","system_user_enable","system_user_disable","system_user_reset_pwd","system_role_query","system_role_add","system_role_edit","system_role_enable","system_role_disable","system_menu_query","system_menu_allocating","note_type_query","note_data_query","note_data_query","note_data_add","note_data_edit","note_type_add","note_type_add","note_type_enable","note_type_disable","note_data_preview"]}}
20200731 17:37:32 805 [SpringContextShutdownHook-boss-system][INFO]-Shutting down ExecutorService 'applicationTaskExecutor'
20200731 17:37:32 806 [SpringContextShutdownHook-boss-system][INFO]-{dataSource-1} closing ...
20200731 17:37:32 814 [SpringContextShutdownHook-boss-system][INFO]-{dataSource-1} closed
